[debug] [2018-06-02T21:15:18.397Z] ----------------------------------------------------------------------
[debug] [2018-06-02T21:15:18.402Z] Command:       C:\Program Files\nodejs\node.exe C:\Users\Admin\AppData\Roaming\npm\node_modules\firebase-tools\bin\firebase deploy
[debug] [2018-06-02T21:15:18.402Z] CLI Version:   3.17.7
[debug] [2018-06-02T21:15:18.403Z] Platform:      win32
[debug] [2018-06-02T21:15:18.403Z] Node Version:  v8.10.0
[debug] [2018-06-02T21:15:18.404Z] Time:          Sun Jun 03 2018 04:15:18 GMT+0700 (SE Asia Standard Time)
[debug] [2018-06-02T21:15:18.404Z] ----------------------------------------------------------------------
[debug] 
[debug] [2018-06-02T21:15:18.426Z] > command requires scopes: ["email","openid","https://www.googleapis.com/auth/cloudplatformprojects.readonly","https://www.googleapis.com/auth/firebase","https://www.googleapis.com/auth/cloud-platform"]
[debug] [2018-06-02T21:15:18.427Z] > authorizing via signed-in user
[debug] [2018-06-02T21:15:18.430Z] >>> HTTP REQUEST GET https://admin.firebase.com/v1/projects/lokishop-2018  
  
 Sun Jun 03 2018 04:15:18 GMT+0700 (SE Asia Standard Time)
[debug] [2018-06-02T21:15:19.689Z] <<< HTTP RESPONSE 200
[debug] [2018-06-02T21:15:19.689Z] >>> HTTP REQUEST GET https://admin.firebase.com/v1/database/lokishop-2018/tokens  
  
 Sun Jun 03 2018 04:15:19 GMT+0700 (SE Asia Standard Time)
[debug] [2018-06-02T21:15:20.680Z] <<< HTTP RESPONSE 200
[info] 
[info] === Deploying to 'lokishop-2018'...
[info] 
[info] i  deploying database, storage, firestore, functions, hosting
[info] Running command: npm --prefix "$RESOURCE_DIR" run lint
[info] Running command: npm --prefix "$RESOURCE_DIR" run build
[info] +  functions: Finished running predeploy script.
[info] i  database: checking rules syntax...
[debug] [2018-06-02T21:15:32.475Z] >>> HTTP REQUEST PUT https://lokishop-2018.firebaseio.com/.settings/rules.json?dryRun=true  
 {
  "rules": {
    ".read": "true",
    ".write": "true"
  }
}
 
 Sun Jun 03 2018 04:15:32 GMT+0700 (SE Asia Standard Time)
[debug] [2018-06-02T21:15:33.588Z] <<< HTTP RESPONSE 200
[info] +  database: rules syntax for database lokishop-2018 is valid
[debug] [2018-06-02T21:15:33.591Z] >>> HTTP REQUEST GET https://appengine.googleapis.com/v1/apps/lokishop-2018  
  
 Sun Jun 03 2018 04:15:33 GMT+0700 (SE Asia Standard Time)
[debug] [2018-06-02T21:15:35.161Z] <<< HTTP RESPONSE 200
[info] i  storage: checking storage.rules for compilation errors...
[debug] [2018-06-02T21:15:35.164Z] >>> HTTP REQUEST POST https://firebaserules.googleapis.com/v1/projects/lokishop-2018:test  
 { source: { files: [ [Object] ] } } 
 Sun Jun 03 2018 04:15:35 GMT+0700 (SE Asia Standard Time)
[debug] [2018-06-02T21:15:36.762Z] <<< HTTP RESPONSE 200
[info] +  storage: rules file storage.rules compiled successfully
[info] i  firestore: checking firestore.rules for compilation errors...
[debug] [2018-06-02T21:15:36.773Z] >>> HTTP REQUEST POST https://firebaserules.googleapis.com/v1/projects/lokishop-2018:test  
 { source: { files: [ [Object] ] } } 
 Sun Jun 03 2018 04:15:36 GMT+0700 (SE Asia Standard Time)
[debug] [2018-06-02T21:15:38.224Z] <<< HTTP RESPONSE 200
[info] +  firestore: rules file firestore.rules compiled successfully
[debug] [2018-06-02T21:15:38.234Z] > [functions] package.json contents: {
  "name": "functions",
  "scripts": {
    "lint": "tslint --project tsconfig.json",
    "build": "tsc",
    "serve": "npm run build && firebase serve --only functions",
    "shell": "npm run build && firebase experimental:functions:shell",
    "start": "npm run shell",
    "deploy": "firebase deploy --only functions",
    "logs": "firebase functions:log"
  },
  "main": "lib/index.js",
  "dependencies": {
    "firebase-admin": "~5.8.1",
    "firebase-functions": "^0.8.1"
  },
  "devDependencies": {
    "tslint": "^5.8.0",
    "typescript": "^2.5.3"
  },
  "private": true
}
[info] i  functions: ensuring necessary APIs are enabled...
[debug] [2018-06-02T21:15:38.237Z] >>> HTTP REQUEST GET https://servicemanagement.googleapis.com/v1/services/cloudfunctions.googleapis.com/projectSettings/lokishop-2018?view=CONSUMER_VIEW  
  
 Sun Jun 03 2018 04:15:38 GMT+0700 (SE Asia Standard Time)
[debug] [2018-06-02T21:15:38.239Z] >>> HTTP REQUEST GET https://servicemanagement.googleapis.com/v1/services/runtimeconfig.googleapis.com/projectSettings/lokishop-2018?view=CONSUMER_VIEW  
  
 Sun Jun 03 2018 04:15:38 GMT+0700 (SE Asia Standard Time)
[debug] [2018-06-02T21:15:40.103Z] <<< HTTP RESPONSE 200
[debug] [2018-06-02T21:15:40.175Z] <<< HTTP RESPONSE 200
[info] +  functions: all necessary APIs are enabled
[debug] [2018-06-02T21:15:40.175Z] >>> HTTP REQUEST GET https://cloudresourcemanager.googleapis.com/v1/projects/lokishop-2018  
  
 Sun Jun 03 2018 04:15:40 GMT+0700 (SE Asia Standard Time)
[debug] [2018-06-02T21:15:41.505Z] <<< HTTP RESPONSE 200
[debug] [2018-06-02T21:15:41.505Z] >>> HTTP REQUEST GET https://mobilesdk-pa.googleapis.com/v1/projects/997142550057:getServerAppConfig  
  
 Sun Jun 03 2018 04:15:41 GMT+0700 (SE Asia Standard Time)
[debug] [2018-06-02T21:15:42.711Z] <<< HTTP RESPONSE 200
[info] i  storage: uploading rules storage.rules...
[debug] [2018-06-02T21:15:42.714Z] >>> HTTP REQUEST POST https://firebaserules.googleapis.com/v1/projects/lokishop-2018/rulesets  
 { source: { files: [ [Object] ] } } 
 Sun Jun 03 2018 04:15:42 GMT+0700 (SE Asia Standard Time)
[debug] [2018-06-02T21:15:44.188Z] <<< HTTP RESPONSE 200
[debug] [2018-06-02T21:15:44.188Z] [rules] created ruleset projects/lokishop-2018/rulesets/7cf272ec-0e64-4e94-95f4-f12be16fb2ea
[info] i  firestore: uploading rules firestore.rules...
[debug] [2018-06-02T21:15:44.188Z] >>> HTTP REQUEST POST https://firebaserules.googleapis.com/v1/projects/lokishop-2018/rulesets  
 { source: { files: [ [Object] ] } } 
 Sun Jun 03 2018 04:15:44 GMT+0700 (SE Asia Standard Time)
[debug] [2018-06-02T21:15:44.188Z] >>> HTTP REQUEST GET https://firestore.googleapis.com/v1beta1/projects/lokishop-2018/databases/(default)/indexes  
  
 Sun Jun 03 2018 04:15:44 GMT+0700 (SE Asia Standard Time)
[debug] [2018-06-02T21:15:45.640Z] <<< HTTP RESPONSE 200
[debug] [2018-06-02T21:15:45.640Z] [rules] created ruleset projects/lokishop-2018/rulesets/07703842-a67b-4e17-b73d-b8c5184aa1a2
[debug] [2018-06-02T21:15:47.110Z] <<< HTTP RESPONSE 200
[info] 
[info] NOTE: The following indexes are already deployed but not present in the specified indexes file:
[info] [READY] (phone-list) -- (sold,ASCENDING) (postDate,DESCENDING) 
[info] 
[info] i  functions: preparing functions directory for uploading...
[debug] [2018-06-02T21:15:47.115Z] >>> HTTP REQUEST GET https://runtimeconfig.googleapis.com/v1beta1/projects/lokishop-2018/configs  
  
 Sun Jun 03 2018 04:15:47 GMT+0700 (SE Asia Standard Time)
[debug] [2018-06-02T21:15:47.703Z] <<< HTTP RESPONSE 200
[info] i  hosting: preparing public directory for upload...
